
   INFO  Preparing database.  

  Creating migration table ...................................... 50.28ms DONE

   INFO  Running migrations.  

  0001_01_01_000000_create_users_table ......................... 224.49ms DONE
  0001_01_01_000001_create_cache_table .......................... 35.73ms DONE
  0001_01_01_000002_create_jobs_table ........................... 49.68ms DONE
  2018_11_06_222923_create_transactions_table ................... 81.91ms DONE
  2018_11_07_192923_create_transfers_table ...................... 43.96ms DONE
  2018_11_15_124230_create_wallets_table ....................... 174.39ms DONE
  2019_09_15_000010_create_tenants_table ......................... 8.61ms DONE
  2019_09_15_000020_create_domains_table ........................ 15.56ms DONE
  2021_11_02_202021_update_wallets_uuid_table .................... 1.68ms DONE
  2023_12_30_113122_extra_columns_removed ....................... 58.04ms DONE
  2023_12_30_204610_soft_delete ................................. 28.50ms DONE
  2024_01_24_185401_add_extra_column_in_transfer ................ 11.42ms DONE
  2026_03_08_132919_create_business_groups_table ................ 26.49ms DONE
  2026_03_25_000001_create_wallet_payment_promo_tables ........... 1.10ms FAIL

   Illuminate\Database\QueryException 

  SQLSTATE[HY000]: General error: 1 table "wallets" already exists (Connection: sqlite, Database: C:\opt\kotvrf\CatVRF\database\tenant.sqlite, SQL: create table "wallets" ("id" integer primary key autoincrement not null, "tenant_id" integer not null, "user_id" integer not null, "current_balance" integer not null default '0', "hold_amount" integer not null default '0', "last_checked_at" datetime, "created_at" datetime, "updated_at" datetime, foreign key("tenant_id") references "tenants"("id") on delete cascade, foreign key("user_id") references "users"("id") on delete cascade))

  at vendor\laravel\framework\src\Illuminate\Database\Connection.php:838
    834тЦХ             $exceptionType = $this->isUniqueConstraintError($e)
    835тЦХ                 ? UniqueConstraintViolationException::class
    836тЦХ                 : QueryException::class;
    837тЦХ 
  тЮЬ 838тЦХ             throw new $exceptionType(
    839тЦХ                 $this->getNameWithReadWriteType(),
    840тЦХ                 $query,
    841тЦХ                 $this->prepareBindings($bindings),
    842тЦХ                 $e,

  1   vendor\laravel\framework\src\Illuminate\Database\Connection.php:578
      PDOException::("SQLSTATE[HY000]: General error: 1 table "wallets" already exists")

  2   vendor\laravel\framework\src\Illuminate\Database\Connection.php:578
      PDO::prepare()

