
   INFO  Preparing database.  

  Creating migration table ...................................... 46.20ms DONE

   INFO  Running migrations.  

  0001_01_01_000000_create_users_table ......................... 160.56ms DONE
  0001_01_01_000001_create_cache_table .......................... 40.59ms DONE
  0001_01_01_000002_create_jobs_table ........................... 53.40ms DONE
  2018_11_06_222923_create_transactions_table .................. 957.22ms DONE
  2018_11_07_192923_create_transfers_table ....................... 0.10ms DONE
  2018_11_15_124230_create_wallets_table ......................... 3 ╤Б╨╡╨║. DONE
  2019_09_15_000010_create_tenants_table ......................... 8.49ms DONE
  2019_09_15_000020_create_domains_table ........................ 21.71ms DONE
  2021_11_02_202021_update_wallets_uuid_table .................... 0.10ms DONE
  2023_12_30_113122_extra_columns_removed ........................ 0.10ms DONE
  2023_12_30_204610_soft_delete .................................. 0.10ms DONE
  2024_01_24_185401_add_extra_column_in_transfer ................. 0.09ms DONE
  2026_03_05_231830_create_permission_tables ................... 108.93ms DONE
  2026_03_06_000000_create_agency_referrals_table ............... 13.88ms DONE
  2026_03_06_000001_create_marketplace_verticals_tables ........ 450.71ms DONE
  2026_03_06_100000_create_geo_hierarchy_tables ................ 108.63ms DONE
  2026_03_06_110000_create_finance_tables ....................... 95.27ms DONE
  2026_03_06_120000_update_finance_for_sbp ...................... 22.63ms DONE
  2026_03_06_130000_add_commission_uplift_to_tenants ............ 26.71ms DONE
  2026_03_06_130000_create_recurring_tables ..................... 62.23ms DONE
  2026_03_06_140000_create_fraud_payout_tables .................. 60.23ms DONE
  2026_03_06_150000_create_ai_infrastructure_tables ............. 61.63ms DONE
  2026_03_06_400000_create_b2b_marketplace_tables .............. 227.16ms DONE
  2026_03_06_500000_create_b2b_recommendation_tables ........... 149.61ms DONE
  2026_03_06_600000_create_fraud_infrastructure_tables .......... 40.56ms DONE
  2026_03_06_700000_create_support_and_chat_tables .............. 89.77ms DONE
  2026_03_08_000000_create_real_estate_and_audit_tables ........ 101.97ms DONE
  2026_03_08_000001_update_venues_table_for_hospitality ......... 45.97ms DONE
  2026_03_08_123744_create_push_subscriptions_table ............. 33.62ms DONE
  2026_03_08_132919_create_business_groups_table ................ 33.19ms DONE
  2026_03_08_132932_add_parent_id_to_tenants_table .............. 72.12ms DONE
  2026_03_08_133002_add_two_factor_auth_to_users_table .......... 18.06ms DONE
  2026_03_08_210000_expand_crm_features ......................... 47.56ms DONE
  2026_03_08_212705_add_geo_radius_to_service_entities .......... 50.20ms DONE
  2026_03_08_212718_add_geo_radius_to_properties ................ 33.88ms DONE
  2026_03_08_212732_add_is_platform_partner_to_b2b_manufacturers  20.23ms DONE
  2026_03_08_220000_create_crm_tables ........................... 63.57ms DONE
  2026_03_08_230000_create_expansion_features_tables ........... 104.18ms DONE
  2026_03_09_160000_create_ai_designer_sessions_table ........... 61.53ms DONE
  2026_03_09_213628_add_b2b_services_to_tenant_schema ............ 0.12ms DONE
  2026_03_10_150934_create_inventory_items_table ................ 55.66ms DONE
  2026_03_10_151540_create_food_orders_table .................... 31.49ms DONE
  2026_03_10_151554_create_hotel_bookings_table ................. 35.38ms DONE
  2026_03_10_151617_create_sports_memberships_table ............. 28.95ms DONE
  2026_03_10_151634_create_medical_cards_table .................. 23.34ms DONE
  2026_03_10_151655_create_delivery_orders_table ................ 34.95ms DONE
  2026_03_10_151933_create_ad_campaigns_table ................... 33.30ms DONE
  2026_03_10_152000_create_geo_zones_table ...................... 42.33ms DONE
  2026_03_10_160000_create_filters_table ........................ 27.83ms DONE
  2026_03_15_create_metrics_log_table ........................... 84.17ms DONE
  2026_03_19_000000_create_3d_models_table ...................... 44.38ms DONE
  2026_03_19_000001_add_missing_columns_to_tenants .............. 72.49ms DONE
  2026_03_19_000002_add_kpp_legal_fields_to_tenants ............ 152.69ms DONE
  2026_03_19_000003_rebuild_wallets_canonical ................... 91.92ms DONE
  2026_03_19_000004_create_balance_transactions_table ........... 80.48ms DONE
  2026_03_19_100000_create_auto_parts_tables .................... 61.96ms DONE
  2026_03_19_110000_create_confectionery_tables ................. 66.71ms DONE
  2026_03_19_120000_create_electronics_tables ................... 60.44ms DONE
  2026_03_19_130000_create_farm_direct_tables ................... 69.94ms DONE
  2026_03_19_140000_create_fresh_produce_tables ................. 56.72ms DONE
  2026_03_19_150000_create_furniture_tables ..................... 61.69ms DONE
  2026_03_19_160000_create_healthy_food_tables .................. 69.68ms DONE
  2026_03_19_170000_create_meat_shops_tables .................... 60.70ms DONE
  2026_03_19_180000_create_office_catering_tables ............... 89.19ms DONE
  2026_03_19_190000_create_pharmacy_tables ...................... 68.24ms DONE
  2026_03_19_200000_create_toys_kids_tables ..................... 71.46ms DONE
  2026_03_19_210000_create_medical_appointments_tables .......... 44.91ms DONE
  2026_03_19_220000_create_pet_appointments_tables .............. 47.53ms DONE
  2026_03_19_230000_create_travel_bookings_tables ............... 52.76ms DONE
  2026_03_20_000001_create_test_infrastructure_tables .......... 496.86ms DONE
  2026_03_20_000002_patch_payment_transactions_missing_cols ..... 67.51ms DONE
  2026_03_20_000003_rebuild_payment_transactions_nullable ...... 201.43ms DONE
  2026_03_20_000004_create_fraud_inventory_enrollment_tables ... 241.29ms DONE
  2026_03_21_000001_create_payment_idempotency_records_table .... 73.05ms DONE
  2026_03_21_000002_create_bonus_and_promo_tables .............. 415.39ms DONE
  2026_03_21_100001_create_fresh_produce_tables .................. 1 ╤Б╨╡╨║. DONE
  2026_03_21_100002_create_stub_verticals_tables ................. 3 ╤Б╨╡╨║. DONE
  2026_03_22_000001_create_flower_categories_table .............. 89.91ms DONE
  2026_03_22_000002_create_flower_orders_table .................. 70.19ms DONE
  2026_03_22_000003_create_flower_reviews_table ................. 64.93ms DONE
  2026_03_22_001001_create_courses_table ......................... 0.57ms DONE
  2026_03_22_001002_create_lessons_table ......................... 0.54ms DONE
  2026_03_22_001003_create_enrollments_table ..................... 0.63ms DONE
  2026_03_22_001004_create_lesson_progress_table ................ 70.95ms DONE
  2026_03_22_001005_create_certificates_table ................... 85.79ms DONE
  2026_03_22_002001_create_apartments_table ..................... 63.11ms DONE
  2026_03_22_002002_create_apartment_bookings_table ............. 51.00ms DONE
  2026_03_22_003001_create_grocery_stores_table ................. 62.07ms DONE
  2026_03_22_003002_create_grocery_categories_table ............. 63.01ms DONE
  2026_03_22_003003_create_grocery_products_table .............. 128.95ms DONE
  2026_03_22_003004_create_grocery_orders_table ................. 64.24ms DONE
  2026_03_22_004001_create_cosmetic_products_table .............. 52.05ms DONE
  2026_03_22_100000_create_business_channels_tables ............ 687.90ms DONE
  2026_03_22_100001_create_bouquets_table ....................... 57.34ms DONE
  2026_03_22_100002_create_flower_consumables_table ............. 71.17ms DONE
  2026_03_22_100003_create_perfumes_table ....................... 58.96ms DONE
  2026_03_22_110001_create_apartments_table ...................... 4.94ms DONE
  2026_03_22_110002_create_apartment_bookings_table .............. 0.86ms DONE
  2026_03_22_110003_create_apartment_reviews_table .............. 86.28ms DONE
  2026_03_22_120000_create_grocery_tables ........................ 5.06ms DONE
  2026_03_22_130000_create_cosmetic_products_table ............... 0.67ms DONE
  2026_03_23_000000_create_compliance_integrations_table ........ 38.23ms DONE
  2026_03_23_000000_create_messages_stub_table ................... 9.68ms DONE
  2026_03_23_000001_create_bloggers_tables ..................... 632.58ms DONE
  2026_03_23_000001_create_configurators_tables ................ 274.96ms DONE
  2026_03_23_000001_create_models_3d_table ..................... 158.38ms DONE
  2026_03_23_000001_create_pharmacies_table ...................... 0.59ms DONE
  2026_03_23_000002_create_meat_shops_table ...................... 0.54ms DONE
  2026_03_23_000002_create_model_3d_configurations_table ........ 83.29ms DONE
  2026_03_23_000002_create_nft_gifts_tables .................... 413.82ms DONE
  2026_03_23_000003_create_confectionery_shops_table ............ 45.30ms DONE
  2026_03_23_000003_create_geo_activities_table ................ 121.76ms DONE
  2026_03_23_000004_create_corporate_clients_table ............... 0.67ms DONE
  2026_03_23_000004_create_user_click_events_table ............. 132.00ms DONE
  2026_03_23_000005_create_farms_table ........................... 0.63ms DONE
  2026_03_23_000005_create_heatmap_snapshots_table ............. 134.10ms DONE
  2026_03_23_120000_create_stream_peer_connections_table ....... 169.42ms DONE
  2026_03_23_133610_create_car_dealership_tables ............... 502.86ms DONE
  2026_03_23_134615_create_pharmacy_tables ..................... 126.54ms DONE
  2026_03_23_135102_create_token_vault_tables ................... 85.24ms DONE
  2026_03_23_135400_create_appointment_tables .................. 122.52ms DONE
  2026_03_23_140000_create_chat_tables .......................... 88.85ms DONE
  2026_03_23_140735_create_tickets_domain_tables ................ 65.30ms FAIL

   Illuminate\Database\QueryException 

  SQLSTATE[HY000]: General error: 1 table "tickets" already exists (Connection: sqlite, Database: C:\opt\kotvrf\CatVRF\database\tenant.sqlite, SQL: create table "tickets" ("id" integer primary key autoincrement not null, "uuid" varchar not null, "event_id" integer not null, "tenant_id" integer not null, "user_id" integer, "price_kopeks" integer not null default '0', "seat_number" varchar, "status" varchar not null default 'available', "idempotency_key" varchar, "correlation_id" varchar, "created_at" datetime, "updated_at" datetime, foreign key("event_id") references "tickets_events"("id") on delete cascade, foreign key("tenant_id") references "tenants"("id") on delete cascade, foreign key("user_id") references "users"("id") on delete set null))

  at vendor\laravel\framework\src\Illuminate\Database\Connection.php:838
    834тЦХ             $exceptionType = $this->isUniqueConstraintError($e)
    835тЦХ                 ? UniqueConstraintViolationException::class
    836тЦХ                 : QueryException::class;
    837тЦХ 
  тЮЬ 838тЦХ             throw new $exceptionType(
    839тЦХ                 $this->getNameWithReadWriteType(),
    840тЦХ                 $query,
    841тЦХ                 $this->prepareBindings($bindings),
    842тЦХ                 $e,

  1   vendor\laravel\framework\src\Illuminate\Database\Connection.php:578
      PDOException::("SQLSTATE[HY000]: General error: 1 table "tickets" already exists")

  2   vendor\laravel\framework\src\Illuminate\Database\Connection.php:578
      PDO::prepare()

